<?xml version="1.0" encoding="UTF-8"?>
<testng-results skipped="4" failed="2" ignored="6" total="15" passed="3">
  <reporter-output>
    <line>
      <![CDATA[Navigate to Organisation]]>
    </line>
    <line>
      <![CDATA[Navigate to create Organisation]]>
    </line>
    <line>
      <![CDATA[Enter mandatory filed & create Organisation]]>
    </line>
    <line>
      <![CDATA[Assertion Succesful]]>
    </line>
  </reporter-output>
  <suite name="Suite" duration-ms="134273" started-at="2021-06-14T17:31:22 IST" finished-at="2021-06-14T17:33:36 IST">
    <groups>
      <group name="regressionTest">
        <method signature="CreateOrganizationWithIndustry.createOrgWithIndustry()[pri:0, instance:com.crm.comcast.VtigerTest.CreateOrganizationWithIndustry@ea1a8d5]" name="createOrgWithIndustry" class="com.crm.comcast.VtigerTest.CreateOrganizationWithIndustry"/>
      </group> <!-- regressionTest -->
      <group name="SmokeTest">
        <method signature="CreateOrganizationTest.createOrgTest()[pri:0, instance:com.crm.comcast.VtigerTest.CreateOrganizationTest@528931cf]" name="createOrgTest" class="com.crm.comcast.VtigerTest.CreateOrganizationTest"/>
      </group> <!-- SmokeTest -->
    </groups>
    <test name="Test" duration-ms="134273" started-at="2021-06-14T17:31:22 IST" finished-at="2021-06-14T17:33:36 IST">
      <class name="com.crm.comcast.VtigerTest.CreatemultipleOrganization">
        <test-method status="PASS" signature="launchBrowser()[pri:0, instance:com.crm.comcast.VtigerTest.CreatemultipleOrganization@1563da5]" name="launchBrowser" is-config="true" duration-ms="1980" started-at="2021-06-14T17:33:12 IST" finished-at="2021-06-14T17:33:14 IST">
          <reporter-output>
          </reporter-output>
        </test-method> <!-- launchBrowser -->
        <test-method status="PASS" signature="loginTtoApp()[pri:0, instance:com.crm.comcast.VtigerTest.CreatemultipleOrganization@1563da5]" name="loginTtoApp" is-config="true" duration-ms="7762" started-at="2021-06-14T17:33:14 IST" finished-at="2021-06-14T17:33:22 IST">
          <reporter-output>
          </reporter-output>
        </test-method> <!-- loginTtoApp -->
        <test-method status="FAIL" signature="createMulipleOrg(java.lang.String, java.lang.String)[pri:0, instance:com.crm.comcast.VtigerTest.CreatemultipleOrganization@1563da5]" name="createMulipleOrg" duration-ms="14391" started-at="2021-06-14T17:33:22 IST" data-provider="getData" finished-at="2021-06-14T17:33:36 IST">
          <params>
            <param index="0">
              <value>
                <![CDATA[Amzon]]>
              </value>
            </param>
            <param index="1">
              <value>
                <![CDATA[Technology]]>
              </value>
            </param>
          </params>
          <exception class="org.openqa.selenium.NoSuchElementException">
            <message>
              <![CDATA[Cannot locate an element using xpath=//span[@class='dvHeaderText']
For documentation on this error, please visit: https://www.seleniumhq.org/exceptions/no_such_element.html
Build info: version: '3.141.59', revision: 'e82be7d358', time: '2018-11-14T08:17:03'
System info: host: 'DESKTOP-GK61F68', ip: '192.168.43.120', os.name: 'Windows 10', os.arch: 'amd64', os.version: '10.0', java.version: '1.8.0_281'
Driver info: driver.version: RemoteWebDriver]]>
            </message>
            <full-stacktrace>
              <![CDATA[org.openqa.selenium.NoSuchElementException: Cannot locate an element using xpath=//span[@class='dvHeaderText']
For documentation on this error, please visit: https://www.seleniumhq.org/exceptions/no_such_element.html
Build info: version: '3.141.59', revision: 'e82be7d358', time: '2018-11-14T08:17:03'
System info: host: 'DESKTOP-GK61F68', ip: '192.168.43.120', os.name: 'Windows 10', os.arch: 'amd64', os.version: '10.0', java.version: '1.8.0_281'
Driver info: driver.version: RemoteWebDriver
at org.openqa.selenium.remote.RemoteWebDriver.findElement(RemoteWebDriver.java:327)
at org.openqa.selenium.remote.RemoteWebDriver.findElementByXPath(RemoteWebDriver.java:428)
at org.openqa.selenium.By$ByXPath.findElement(By.java:353)
at org.openqa.selenium.remote.RemoteWebDriver.findElement(RemoteWebDriver.java:315)
at com.crm.comcast.VtigerTest.CreatemultipleOrganization.createMulipleOrg(CreatemultipleOrganization.java:41)
at sun.reflect.NativeMethodAccessorImpl.invoke0(Native Method)
at sun.reflect.NativeMethodAccessorImpl.invoke(Unknown Source)
at sun.reflect.DelegatingMethodAccessorImpl.invoke(Unknown Source)
at java.lang.reflect.Method.invoke(Unknown Source)
at org.testng.internal.MethodInvocationHelper.invokeMethod(MethodInvocationHelper.java:132)
at org.testng.internal.TestInvoker.invokeMethod(TestInvoker.java:599)
at org.testng.internal.TestInvoker.invokeTestMethod(TestInvoker.java:174)
at org.testng.internal.MethodRunner.runInSequence(MethodRunner.java:46)
at org.testng.internal.TestInvoker$MethodInvocationAgent.invoke(TestInvoker.java:822)
at org.testng.internal.TestInvoker.invokeTestMethods(TestInvoker.java:147)
at org.testng.internal.TestMethodWorker.invokeTestMethods(TestMethodWorker.java:146)
at org.testng.internal.TestMethodWorker.run(TestMethodWorker.java:128)
at java.util.ArrayList.forEach(Unknown Source)
at org.testng.TestRunner.privateRun(TestRunner.java:764)
at org.testng.TestRunner.run(TestRunner.java:585)
at org.testng.SuiteRunner.runTest(SuiteRunner.java:384)
at org.testng.SuiteRunner.runSequentially(SuiteRunner.java:378)
at org.testng.SuiteRunner.privateRun(SuiteRunner.java:337)
at org.testng.SuiteRunner.run(SuiteRunner.java:286)
at org.testng.SuiteRunnerWorker.runSuite(SuiteRunnerWorker.java:53)
at org.testng.SuiteRunnerWorker.run(SuiteRunnerWorker.java:96)
at org.testng.TestNG.runSuitesSequentially(TestNG.java:1218)
at org.testng.TestNG.runSuitesLocally(TestNG.java:1140)
at org.testng.TestNG.runSuites(TestNG.java:1069)
at org.testng.TestNG.run(TestNG.java:1037)
at org.testng.remote.AbstractRemoteTestNG.run(AbstractRemoteTestNG.java:115)
at org.testng.remote.RemoteTestNG.initAndRun(RemoteTestNG.java:251)
at org.testng.remote.RemoteTestNG.main(RemoteTestNG.java:77)
]]>
            </full-stacktrace>
          </exception> <!-- org.openqa.selenium.NoSuchElementException -->
          <reporter-output>
          </reporter-output>
        </test-method> <!-- createMulipleOrg -->
        <test-method status="FAIL" signature="logoutOfApp()[pri:0, instance:com.crm.comcast.VtigerTest.CreatemultipleOrganization@1563da5]" name="logoutOfApp" is-config="true" duration-ms="0" started-at="2021-06-14T17:33:36 IST" finished-at="2021-06-14T17:33:36 IST">
          <exception class="java.lang.NullPointerException">
            <full-stacktrace>
              <![CDATA[java.lang.NullPointerException
at com.crm.comcast.GenericUtils.BaseClass.logoutOfApp(BaseClass.java:80)
at sun.reflect.NativeMethodAccessorImpl.invoke0(Native Method)
at sun.reflect.NativeMethodAccessorImpl.invoke(Unknown Source)
at sun.reflect.DelegatingMethodAccessorImpl.invoke(Unknown Source)
at java.lang.reflect.Method.invoke(Unknown Source)
at org.testng.internal.MethodInvocationHelper.invokeMethod(MethodInvocationHelper.java:132)
at org.testng.internal.MethodInvocationHelper.invokeMethodConsideringTimeout(MethodInvocationHelper.java:61)
at org.testng.internal.ConfigInvoker.invokeConfigurationMethod(ConfigInvoker.java:366)
at org.testng.internal.ConfigInvoker.invokeConfigurations(ConfigInvoker.java:320)
at org.testng.internal.TestInvoker.runConfigMethods(TestInvoker.java:701)
at org.testng.internal.TestInvoker.runAfterGroupsConfigurations(TestInvoker.java:677)
at org.testng.internal.TestInvoker.invokeMethod(TestInvoker.java:661)
at org.testng.internal.TestInvoker.invokeTestMethod(TestInvoker.java:174)
at org.testng.internal.MethodRunner.runInSequence(MethodRunner.java:46)
at org.testng.internal.TestInvoker$MethodInvocationAgent.invoke(TestInvoker.java:822)
at org.testng.internal.TestInvoker.invokeTestMethods(TestInvoker.java:147)
at org.testng.internal.TestMethodWorker.invokeTestMethods(TestMethodWorker.java:146)
at org.testng.internal.TestMethodWorker.run(TestMethodWorker.java:128)
at java.util.ArrayList.forEach(Unknown Source)
at org.testng.TestRunner.privateRun(TestRunner.java:764)
at org.testng.TestRunner.run(TestRunner.java:585)
at org.testng.SuiteRunner.runTest(SuiteRunner.java:384)
at org.testng.SuiteRunner.runSequentially(SuiteRunner.java:378)
at org.testng.SuiteRunner.privateRun(SuiteRunner.java:337)
at org.testng.SuiteRunner.run(SuiteRunner.java:286)
at org.testng.SuiteRunnerWorker.runSuite(SuiteRunnerWorker.java:53)
at org.testng.SuiteRunnerWorker.run(SuiteRunnerWorker.java:96)
at org.testng.TestNG.runSuitesSequentially(TestNG.java:1218)
at org.testng.TestNG.runSuitesLocally(TestNG.java:1140)
at org.testng.TestNG.runSuites(TestNG.java:1069)
at org.testng.TestNG.run(TestNG.java:1037)
at org.testng.remote.AbstractRemoteTestNG.run(AbstractRemoteTestNG.java:115)
at org.testng.remote.RemoteTestNG.initAndRun(RemoteTestNG.java:251)
at org.testng.remote.RemoteTestNG.main(RemoteTestNG.java:77)
]]>
            </full-stacktrace>
          </exception> <!-- java.lang.NullPointerException -->
          <reporter-output>
          </reporter-output>
        </test-method> <!-- logoutOfApp -->
        <test-method status="SKIP" signature="loginTtoApp()[pri:0, instance:com.crm.comcast.VtigerTest.CreatemultipleOrganization@1563da5]" name="loginTtoApp" is-config="true" duration-ms="-1623672216793" started-at="2021-06-14T17:33:36 IST" finished-at="1970-01-01T05:30:00 IST">
          <reporter-output>
          </reporter-output>
        </test-method> <!-- loginTtoApp -->
        <test-method status="SKIP" signature="createMulipleOrg(java.lang.String, java.lang.String)[pri:0, instance:com.crm.comcast.VtigerTest.CreatemultipleOrganization@1563da5]" name="createMulipleOrg" duration-ms="0" started-at="2021-06-14T17:33:36 IST" data-provider="getData" finished-at="2021-06-14T17:33:36 IST">
          <params>
            <param index="0">
              <value>
                <![CDATA[HP]]>
              </value>
            </param>
            <param index="1">
              <value>
                <![CDATA[Technology]]>
              </value>
            </param>
          </params>
          <exception class="java.lang.NullPointerException">
            <full-stacktrace>
              <![CDATA[java.lang.NullPointerException
at com.crm.comcast.GenericUtils.BaseClass.logoutOfApp(BaseClass.java:80)
at sun.reflect.NativeMethodAccessorImpl.invoke0(Native Method)
at sun.reflect.NativeMethodAccessorImpl.invoke(Unknown Source)
at sun.reflect.DelegatingMethodAccessorImpl.invoke(Unknown Source)
at java.lang.reflect.Method.invoke(Unknown Source)
at org.testng.internal.MethodInvocationHelper.invokeMethod(MethodInvocationHelper.java:132)
at org.testng.internal.MethodInvocationHelper.invokeMethodConsideringTimeout(MethodInvocationHelper.java:61)
at org.testng.internal.ConfigInvoker.invokeConfigurationMethod(ConfigInvoker.java:366)
at org.testng.internal.ConfigInvoker.invokeConfigurations(ConfigInvoker.java:320)
at org.testng.internal.TestInvoker.runConfigMethods(TestInvoker.java:701)
at org.testng.internal.TestInvoker.runAfterGroupsConfigurations(TestInvoker.java:677)
at org.testng.internal.TestInvoker.invokeMethod(TestInvoker.java:661)
at org.testng.internal.TestInvoker.invokeTestMethod(TestInvoker.java:174)
at org.testng.internal.MethodRunner.runInSequence(MethodRunner.java:46)
at org.testng.internal.TestInvoker$MethodInvocationAgent.invoke(TestInvoker.java:822)
at org.testng.internal.TestInvoker.invokeTestMethods(TestInvoker.java:147)
at org.testng.internal.TestMethodWorker.invokeTestMethods(TestMethodWorker.java:146)
at org.testng.internal.TestMethodWorker.run(TestMethodWorker.java:128)
at java.util.ArrayList.forEach(Unknown Source)
at org.testng.TestRunner.privateRun(TestRunner.java:764)
at org.testng.TestRunner.run(TestRunner.java:585)
at org.testng.SuiteRunner.runTest(SuiteRunner.java:384)
at org.testng.SuiteRunner.runSequentially(SuiteRunner.java:378)
at org.testng.SuiteRunner.privateRun(SuiteRunner.java:337)
at org.testng.SuiteRunner.run(SuiteRunner.java:286)
at org.testng.SuiteRunnerWorker.runSuite(SuiteRunnerWorker.java:53)
at org.testng.SuiteRunnerWorker.run(SuiteRunnerWorker.java:96)
at org.testng.TestNG.runSuitesSequentially(TestNG.java:1218)
at org.testng.TestNG.runSuitesLocally(TestNG.java:1140)
at org.testng.TestNG.runSuites(TestNG.java:1069)
at org.testng.TestNG.run(TestNG.java:1037)
at org.testng.remote.AbstractRemoteTestNG.run(AbstractRemoteTestNG.java:115)
at org.testng.remote.RemoteTestNG.initAndRun(RemoteTestNG.java:251)
at org.testng.remote.RemoteTestNG.main(RemoteTestNG.java:77)
]]>
            </full-stacktrace>
          </exception> <!-- java.lang.NullPointerException -->
          <reporter-output>
          </reporter-output>
        </test-method> <!-- createMulipleOrg -->
        <test-method status="SKIP" signature="logoutOfApp()[pri:0, instance:com.crm.comcast.VtigerTest.CreatemultipleOrganization@1563da5]" name="logoutOfApp" is-config="true" duration-ms="-1623672216801" started-at="2021-06-14T17:33:36 IST" finished-at="1970-01-01T05:30:00 IST">
          <reporter-output>
          </reporter-output>
        </test-method> <!-- logoutOfApp -->
        <test-method status="SKIP" signature="loginTtoApp()[pri:0, instance:com.crm.comcast.VtigerTest.CreatemultipleOrganization@1563da5]" name="loginTtoApp" is-config="true" duration-ms="-1623672216804" started-at="2021-06-14T17:33:36 IST" finished-at="1970-01-01T05:30:00 IST">
          <reporter-output>
          </reporter-output>
        </test-method> <!-- loginTtoApp -->
        <test-method status="SKIP" signature="createMulipleOrg(java.lang.String, java.lang.String)[pri:0, instance:com.crm.comcast.VtigerTest.CreatemultipleOrganization@1563da5]" name="createMulipleOrg" duration-ms="0" started-at="2021-06-14T17:33:36 IST" data-provider="getData" finished-at="2021-06-14T17:33:36 IST">
          <params>
            <param index="0">
              <value>
                <![CDATA[HDFC]]>
              </value>
            </param>
            <param index="1">
              <value>
                <![CDATA[Banking]]>
              </value>
            </param>
          </params>
          <exception class="java.lang.NullPointerException">
            <full-stacktrace>
              <![CDATA[java.lang.NullPointerException
at com.crm.comcast.GenericUtils.BaseClass.logoutOfApp(BaseClass.java:80)
at sun.reflect.NativeMethodAccessorImpl.invoke0(Native Method)
at sun.reflect.NativeMethodAccessorImpl.invoke(Unknown Source)
at sun.reflect.DelegatingMethodAccessorImpl.invoke(Unknown Source)
at java.lang.reflect.Method.invoke(Unknown Source)
at org.testng.internal.MethodInvocationHelper.invokeMethod(MethodInvocationHelper.java:132)
at org.testng.internal.MethodInvocationHelper.invokeMethodConsideringTimeout(MethodInvocationHelper.java:61)
at org.testng.internal.ConfigInvoker.invokeConfigurationMethod(ConfigInvoker.java:366)
at org.testng.internal.ConfigInvoker.invokeConfigurations(ConfigInvoker.java:320)
at org.testng.internal.TestInvoker.runConfigMethods(TestInvoker.java:701)
at org.testng.internal.TestInvoker.runAfterGroupsConfigurations(TestInvoker.java:677)
at org.testng.internal.TestInvoker.invokeMethod(TestInvoker.java:661)
at org.testng.internal.TestInvoker.invokeTestMethod(TestInvoker.java:174)
at org.testng.internal.MethodRunner.runInSequence(MethodRunner.java:46)
at org.testng.internal.TestInvoker$MethodInvocationAgent.invoke(TestInvoker.java:822)
at org.testng.internal.TestInvoker.invokeTestMethods(TestInvoker.java:147)
at org.testng.internal.TestMethodWorker.invokeTestMethods(TestMethodWorker.java:146)
at org.testng.internal.TestMethodWorker.run(TestMethodWorker.java:128)
at java.util.ArrayList.forEach(Unknown Source)
at org.testng.TestRunner.privateRun(TestRunner.java:764)
at org.testng.TestRunner.run(TestRunner.java:585)
at org.testng.SuiteRunner.runTest(SuiteRunner.java:384)
at org.testng.SuiteRunner.runSequentially(SuiteRunner.java:378)
at org.testng.SuiteRunner.privateRun(SuiteRunner.java:337)
at org.testng.SuiteRunner.run(SuiteRunner.java:286)
at org.testng.SuiteRunnerWorker.runSuite(SuiteRunnerWorker.java:53)
at org.testng.SuiteRunnerWorker.run(SuiteRunnerWorker.java:96)
at org.testng.TestNG.runSuitesSequentially(TestNG.java:1218)
at org.testng.TestNG.runSuitesLocally(TestNG.java:1140)
at org.testng.TestNG.runSuites(TestNG.java:1069)
at org.testng.TestNG.run(TestNG.java:1037)
at org.testng.remote.AbstractRemoteTestNG.run(AbstractRemoteTestNG.java:115)
at org.testng.remote.RemoteTestNG.initAndRun(RemoteTestNG.java:251)
at org.testng.remote.RemoteTestNG.main(RemoteTestNG.java:77)
]]>
            </full-stacktrace>
          </exception> <!-- java.lang.NullPointerException -->
          <reporter-output>
          </reporter-output>
        </test-method> <!-- createMulipleOrg -->
        <test-method status="SKIP" signature="logoutOfApp()[pri:0, instance:com.crm.comcast.VtigerTest.CreatemultipleOrganization@1563da5]" name="logoutOfApp" is-config="true" duration-ms="-1623672216811" started-at="2021-06-14T17:33:36 IST" finished-at="1970-01-01T05:30:00 IST">
          <reporter-output>
          </reporter-output>
        </test-method> <!-- logoutOfApp -->
        <test-method status="SKIP" signature="loginTtoApp()[pri:0, instance:com.crm.comcast.VtigerTest.CreatemultipleOrganization@1563da5]" name="loginTtoApp" is-config="true" duration-ms="-1623672216813" started-at="2021-06-14T17:33:36 IST" finished-at="1970-01-01T05:30:00 IST">
          <reporter-output>
          </reporter-output>
        </test-method> <!-- loginTtoApp -->
        <test-method status="SKIP" signature="createMulipleOrg(java.lang.String, java.lang.String)[pri:0, instance:com.crm.comcast.VtigerTest.CreatemultipleOrganization@1563da5]" name="createMulipleOrg" duration-ms="0" started-at="2021-06-14T17:33:36 IST" data-provider="getData" finished-at="2021-06-14T17:33:36 IST">
          <params>
            <param index="0">
              <value>
                <![CDATA[CAPGEMINI]]>
              </value>
            </param>
            <param index="1">
              <value>
                <![CDATA[Finance]]>
              </value>
            </param>
          </params>
          <exception class="java.lang.NullPointerException">
            <full-stacktrace>
              <![CDATA[java.lang.NullPointerException
at com.crm.comcast.GenericUtils.BaseClass.logoutOfApp(BaseClass.java:80)
at sun.reflect.NativeMethodAccessorImpl.invoke0(Native Method)
at sun.reflect.NativeMethodAccessorImpl.invoke(Unknown Source)
at sun.reflect.DelegatingMethodAccessorImpl.invoke(Unknown Source)
at java.lang.reflect.Method.invoke(Unknown Source)
at org.testng.internal.MethodInvocationHelper.invokeMethod(MethodInvocationHelper.java:132)
at org.testng.internal.MethodInvocationHelper.invokeMethodConsideringTimeout(MethodInvocationHelper.java:61)
at org.testng.internal.ConfigInvoker.invokeConfigurationMethod(ConfigInvoker.java:366)
at org.testng.internal.ConfigInvoker.invokeConfigurations(ConfigInvoker.java:320)
at org.testng.internal.TestInvoker.runConfigMethods(TestInvoker.java:701)
at org.testng.internal.TestInvoker.runAfterGroupsConfigurations(TestInvoker.java:677)
at org.testng.internal.TestInvoker.invokeMethod(TestInvoker.java:661)
at org.testng.internal.TestInvoker.invokeTestMethod(TestInvoker.java:174)
at org.testng.internal.MethodRunner.runInSequence(MethodRunner.java:46)
at org.testng.internal.TestInvoker$MethodInvocationAgent.invoke(TestInvoker.java:822)
at org.testng.internal.TestInvoker.invokeTestMethods(TestInvoker.java:147)
at org.testng.internal.TestMethodWorker.invokeTestMethods(TestMethodWorker.java:146)
at org.testng.internal.TestMethodWorker.run(TestMethodWorker.java:128)
at java.util.ArrayList.forEach(Unknown Source)
at org.testng.TestRunner.privateRun(TestRunner.java:764)
at org.testng.TestRunner.run(TestRunner.java:585)
at org.testng.SuiteRunner.runTest(SuiteRunner.java:384)
at org.testng.SuiteRunner.runSequentially(SuiteRunner.java:378)
at org.testng.SuiteRunner.privateRun(SuiteRunner.java:337)
at org.testng.SuiteRunner.run(SuiteRunner.java:286)
at org.testng.SuiteRunnerWorker.runSuite(SuiteRunnerWorker.java:53)
at org.testng.SuiteRunnerWorker.run(SuiteRunnerWorker.java:96)
at org.testng.TestNG.runSuitesSequentially(TestNG.java:1218)
at org.testng.TestNG.runSuitesLocally(TestNG.java:1140)
at org.testng.TestNG.runSuites(TestNG.java:1069)
at org.testng.TestNG.run(TestNG.java:1037)
at org.testng.remote.AbstractRemoteTestNG.run(AbstractRemoteTestNG.java:115)
at org.testng.remote.RemoteTestNG.initAndRun(RemoteTestNG.java:251)
at org.testng.remote.RemoteTestNG.main(RemoteTestNG.java:77)
]]>
            </full-stacktrace>
          </exception> <!-- java.lang.NullPointerException -->
          <reporter-output>
          </reporter-output>
        </test-method> <!-- createMulipleOrg -->
        <test-method status="SKIP" signature="logoutOfApp()[pri:0, instance:com.crm.comcast.VtigerTest.CreatemultipleOrganization@1563da5]" name="logoutOfApp" is-config="true" duration-ms="-1623672216844" started-at="2021-06-14T17:33:36 IST" finished-at="1970-01-01T05:30:00 IST">
          <reporter-output>
          </reporter-output>
        </test-method> <!-- logoutOfApp -->
        <test-method status="SKIP" signature="closeBrowser()[pri:0, instance:com.crm.comcast.VtigerTest.CreatemultipleOrganization@1563da5]" name="closeBrowser" is-config="true" duration-ms="-1623672216845" started-at="2021-06-14T17:33:36 IST" finished-at="1970-01-01T05:30:00 IST">
          <reporter-output>
          </reporter-output>
        </test-method> <!-- closeBrowser -->
      </class> <!-- com.crm.comcast.VtigerTest.CreatemultipleOrganization -->
      <class name="com.crm.comcast.VtigerTest.CreateConatctWithOrganization">
        <test-method status="PASS" signature="makeDBConnection()[pri:0, instance:com.crm.comcast.VtigerTest.CreateConatctWithOrganization@5faeada1]" name="makeDBConnection" is-config="true" duration-ms="21" started-at="2021-06-14T17:31:22 IST" finished-at="2021-06-14T17:31:22 IST">
          <reporter-output>
          </reporter-output>
        </test-method> <!-- makeDBConnection -->
        <test-method status="PASS" signature="launchBrowser()[pri:0, instance:com.crm.comcast.VtigerTest.CreateConatctWithOrganization@5faeada1]" name="launchBrowser" is-config="true" duration-ms="4553" started-at="2021-06-14T17:31:23 IST" finished-at="2021-06-14T17:31:27 IST">
          <reporter-output>
          </reporter-output>
        </test-method> <!-- launchBrowser -->
        <test-method status="PASS" signature="loginTtoApp()[pri:0, instance:com.crm.comcast.VtigerTest.CreateConatctWithOrganization@5faeada1]" name="loginTtoApp" is-config="true" duration-ms="7501" started-at="2021-06-14T17:31:27 IST" finished-at="2021-06-14T17:31:35 IST">
          <reporter-output>
          </reporter-output>
        </test-method> <!-- loginTtoApp -->
        <test-method status="FAIL" signature="createContactWithOrgTest()[pri:0, instance:com.crm.comcast.VtigerTest.CreateConatctWithOrganization@5faeada1]" name="createContactWithOrgTest" duration-ms="22796" started-at="2021-06-14T17:31:35 IST" finished-at="2021-06-14T17:31:58 IST">
          <exception class="org.openqa.selenium.NoSuchElementException">
            <message>
              <![CDATA[no such element: Unable to locate element: {"method":"xpath","selector":"//img[@title='Create Contact...']"}
  (Session info: chrome=91.0.4472.101)
For documentation on this error, please visit: https://www.seleniumhq.org/exceptions/no_such_element.html
Build info: version: '3.141.59', revision: 'e82be7d358', time: '2018-11-14T08:17:03'
System info: host: 'DESKTOP-GK61F68', ip: '192.168.43.120', os.name: 'Windows 10', os.arch: 'amd64', os.version: '10.0', java.version: '1.8.0_281'
Driver info: org.openqa.selenium.chrome.ChromeDriver
Capabilities {acceptInsecureCerts: false, browserName: chrome, browserVersion: 91.0.4472.101, chrome: {chromedriverVersion: 90.0.4430.24 (4c6d850f087da..., userDataDir: C:\Users\NITHEE~1\AppData\L...}, goog:chromeOptions: {debuggerAddress: localhost:54682}, javascriptEnabled: true, networkConnectionEnabled: false, pageLoadStrategy: normal, platform: WINDOWS, platformName: WINDOWS, proxy: Proxy(), setWindowRect: true, strictFileInteractability: false, timeouts: {implicit: 0, pageLoad: 300000, script: 30000}, unhandledPromptBehavior: dismiss and notify, webauthn:extension:largeBlob: true, webauthn:virtualAuthenticators: true}
Session ID: 28dcea9d4b4f5a7da22a5a0cb6fbfa67
*** Element info: {Using=xpath, value=//img[@title='Create Contact...']}]]>
            </message>
            <full-stacktrace>
              <![CDATA[org.openqa.selenium.NoSuchElementException: no such element: Unable to locate element: {"method":"xpath","selector":"//img[@title='Create Contact...']"}
  (Session info: chrome=91.0.4472.101)
For documentation on this error, please visit: https://www.seleniumhq.org/exceptions/no_such_element.html
Build info: version: '3.141.59', revision: 'e82be7d358', time: '2018-11-14T08:17:03'
System info: host: 'DESKTOP-GK61F68', ip: '192.168.43.120', os.name: 'Windows 10', os.arch: 'amd64', os.version: '10.0', java.version: '1.8.0_281'
Driver info: org.openqa.selenium.chrome.ChromeDriver
Capabilities {acceptInsecureCerts: false, browserName: chrome, browserVersion: 91.0.4472.101, chrome: {chromedriverVersion: 90.0.4430.24 (4c6d850f087da..., userDataDir: C:\Users\NITHEE~1\AppData\L...}, goog:chromeOptions: {debuggerAddress: localhost:54682}, javascriptEnabled: true, networkConnectionEnabled: false, pageLoadStrategy: normal, platform: WINDOWS, platformName: WINDOWS, proxy: Proxy(), setWindowRect: true, strictFileInteractability: false, timeouts: {implicit: 0, pageLoad: 300000, script: 30000}, unhandledPromptBehavior: dismiss and notify, webauthn:extension:largeBlob: true, webauthn:virtualAuthenticators: true}
Session ID: 28dcea9d4b4f5a7da22a5a0cb6fbfa67
*** Element info: {Using=xpath, value=//img[@title='Create Contact...']}
at sun.reflect.NativeConstructorAccessorImpl.newInstance0(Native Method)
at sun.reflect.NativeConstructorAccessorImpl.newInstance(Unknown Source)
at sun.reflect.DelegatingConstructorAccessorImpl.newInstance(Unknown Source)
at java.lang.reflect.Constructor.newInstance(Unknown Source)
at org.openqa.selenium.remote.http.W3CHttpResponseCodec.createException(W3CHttpResponseCodec.java:187)
at org.openqa.selenium.remote.http.W3CHttpResponseCodec.decode(W3CHttpResponseCodec.java:122)
at org.openqa.selenium.remote.http.W3CHttpResponseCodec.decode(W3CHttpResponseCodec.java:49)
at org.openqa.selenium.remote.HttpCommandExecutor.execute(HttpCommandExecutor.java:158)
at org.openqa.selenium.remote.service.DriverCommandExecutor.execute(DriverCommandExecutor.java:83)
at org.openqa.selenium.remote.RemoteWebDriver.execute(RemoteWebDriver.java:552)
at org.openqa.selenium.remote.RemoteWebDriver.findElement(RemoteWebDriver.java:323)
at org.openqa.selenium.remote.RemoteWebDriver.findElementByXPath(RemoteWebDriver.java:428)
at org.openqa.selenium.By$ByXPath.findElement(By.java:353)
at org.openqa.selenium.remote.RemoteWebDriver.findElement(RemoteWebDriver.java:315)
at com.crm.comcast.VtigerTest.CreateConatctWithOrganization.createContactWithOrgTest(CreateConatctWithOrganization.java:27)
at sun.reflect.NativeMethodAccessorImpl.invoke0(Native Method)
at sun.reflect.NativeMethodAccessorImpl.invoke(Unknown Source)
at sun.reflect.DelegatingMethodAccessorImpl.invoke(Unknown Source)
at java.lang.reflect.Method.invoke(Unknown Source)
at org.testng.internal.MethodInvocationHelper.invokeMethod(MethodInvocationHelper.java:132)
at org.testng.internal.TestInvoker.invokeMethod(TestInvoker.java:599)
at org.testng.internal.TestInvoker.invokeTestMethod(TestInvoker.java:174)
at org.testng.internal.MethodRunner.runInSequence(MethodRunner.java:46)
at org.testng.internal.TestInvoker$MethodInvocationAgent.invoke(TestInvoker.java:822)
at org.testng.internal.TestInvoker.invokeTestMethods(TestInvoker.java:147)
at org.testng.internal.TestMethodWorker.invokeTestMethods(TestMethodWorker.java:146)
at org.testng.internal.TestMethodWorker.run(TestMethodWorker.java:128)
at java.util.ArrayList.forEach(Unknown Source)
at org.testng.TestRunner.privateRun(TestRunner.java:764)
at org.testng.TestRunner.run(TestRunner.java:585)
at org.testng.SuiteRunner.runTest(SuiteRunner.java:384)
at org.testng.SuiteRunner.runSequentially(SuiteRunner.java:378)
at org.testng.SuiteRunner.privateRun(SuiteRunner.java:337)
at org.testng.SuiteRunner.run(SuiteRunner.java:286)
at org.testng.SuiteRunnerWorker.runSuite(SuiteRunnerWorker.java:53)
at org.testng.SuiteRunnerWorker.run(SuiteRunnerWorker.java:96)
at org.testng.TestNG.runSuitesSequentially(TestNG.java:1218)
at org.testng.TestNG.runSuitesLocally(TestNG.java:1140)
at org.testng.TestNG.runSuites(TestNG.java:1069)
at org.testng.TestNG.run(TestNG.java:1037)
at org.testng.remote.AbstractRemoteTestNG.run(AbstractRemoteTestNG.java:115)
at org.testng.remote.RemoteTestNG.initAndRun(RemoteTestNG.java:251)
at org.testng.remote.RemoteTestNG.main(RemoteTestNG.java:77)
]]>
            </full-stacktrace>
          </exception> <!-- org.openqa.selenium.NoSuchElementException -->
          <reporter-output>
          </reporter-output>
        </test-method> <!-- createContactWithOrgTest -->
        <test-method status="FAIL" signature="logoutOfApp()[pri:0, instance:com.crm.comcast.VtigerTest.CreateConatctWithOrganization@5faeada1]" name="logoutOfApp" is-config="true" duration-ms="1" started-at="2021-06-14T17:31:58 IST" finished-at="2021-06-14T17:31:58 IST">
          <exception class="java.lang.NullPointerException">
            <full-stacktrace>
              <![CDATA[java.lang.NullPointerException
at com.crm.comcast.GenericUtils.BaseClass.logoutOfApp(BaseClass.java:80)
at sun.reflect.NativeMethodAccessorImpl.invoke0(Native Method)
at sun.reflect.NativeMethodAccessorImpl.invoke(Unknown Source)
at sun.reflect.DelegatingMethodAccessorImpl.invoke(Unknown Source)
at java.lang.reflect.Method.invoke(Unknown Source)
at org.testng.internal.MethodInvocationHelper.invokeMethod(MethodInvocationHelper.java:132)
at org.testng.internal.MethodInvocationHelper.invokeMethodConsideringTimeout(MethodInvocationHelper.java:61)
at org.testng.internal.ConfigInvoker.invokeConfigurationMethod(ConfigInvoker.java:366)
at org.testng.internal.ConfigInvoker.invokeConfigurations(ConfigInvoker.java:320)
at org.testng.internal.TestInvoker.runConfigMethods(TestInvoker.java:701)
at org.testng.internal.TestInvoker.runAfterGroupsConfigurations(TestInvoker.java:677)
at org.testng.internal.TestInvoker.invokeMethod(TestInvoker.java:661)
at org.testng.internal.TestInvoker.invokeTestMethod(TestInvoker.java:174)
at org.testng.internal.MethodRunner.runInSequence(MethodRunner.java:46)
at org.testng.internal.TestInvoker$MethodInvocationAgent.invoke(TestInvoker.java:822)
at org.testng.internal.TestInvoker.invokeTestMethods(TestInvoker.java:147)
at org.testng.internal.TestMethodWorker.invokeTestMethods(TestMethodWorker.java:146)
at org.testng.internal.TestMethodWorker.run(TestMethodWorker.java:128)
at java.util.ArrayList.forEach(Unknown Source)
at org.testng.TestRunner.privateRun(TestRunner.java:764)
at org.testng.TestRunner.run(TestRunner.java:585)
at org.testng.SuiteRunner.runTest(SuiteRunner.java:384)
at org.testng.SuiteRunner.runSequentially(SuiteRunner.java:378)
at org.testng.SuiteRunner.privateRun(SuiteRunner.java:337)
at org.testng.SuiteRunner.run(SuiteRunner.java:286)
at org.testng.SuiteRunnerWorker.runSuite(SuiteRunnerWorker.java:53)
at org.testng.SuiteRunnerWorker.run(SuiteRunnerWorker.java:96)
at org.testng.TestNG.runSuitesSequentially(TestNG.java:1218)
at org.testng.TestNG.runSuitesLocally(TestNG.java:1140)
at org.testng.TestNG.runSuites(TestNG.java:1069)
at org.testng.TestNG.run(TestNG.java:1037)
at org.testng.remote.AbstractRemoteTestNG.run(AbstractRemoteTestNG.java:115)
at org.testng.remote.RemoteTestNG.initAndRun(RemoteTestNG.java:251)
at org.testng.remote.RemoteTestNG.main(RemoteTestNG.java:77)
]]>
            </full-stacktrace>
          </exception> <!-- java.lang.NullPointerException -->
          <reporter-output>
          </reporter-output>
        </test-method> <!-- logoutOfApp -->
        <test-method status="SKIP" signature="loginTtoApp()[pri:0, instance:com.crm.comcast.VtigerTest.CreateConatctWithOrganization@5faeada1]" name="loginTtoApp" is-config="true" duration-ms="-1623672118613" started-at="2021-06-14T17:31:58 IST" finished-at="1970-01-01T05:30:00 IST">
          <reporter-output>
          </reporter-output>
        </test-method> <!-- loginTtoApp -->
        <test-method status="SKIP" signature="skipTest()[pri:0, instance:com.crm.comcast.VtigerTest.CreateConatctWithOrganization@5faeada1]" name="skipTest" duration-ms="0" started-at="2021-06-14T17:31:58 IST" finished-at="2021-06-14T17:31:58 IST">
          <exception class="java.lang.NullPointerException">
            <full-stacktrace>
              <![CDATA[java.lang.NullPointerException
at com.crm.comcast.GenericUtils.BaseClass.logoutOfApp(BaseClass.java:80)
at sun.reflect.NativeMethodAccessorImpl.invoke0(Native Method)
at sun.reflect.NativeMethodAccessorImpl.invoke(Unknown Source)
at sun.reflect.DelegatingMethodAccessorImpl.invoke(Unknown Source)
at java.lang.reflect.Method.invoke(Unknown Source)
at org.testng.internal.MethodInvocationHelper.invokeMethod(MethodInvocationHelper.java:132)
at org.testng.internal.MethodInvocationHelper.invokeMethodConsideringTimeout(MethodInvocationHelper.java:61)
at org.testng.internal.ConfigInvoker.invokeConfigurationMethod(ConfigInvoker.java:366)
at org.testng.internal.ConfigInvoker.invokeConfigurations(ConfigInvoker.java:320)
at org.testng.internal.TestInvoker.runConfigMethods(TestInvoker.java:701)
at org.testng.internal.TestInvoker.runAfterGroupsConfigurations(TestInvoker.java:677)
at org.testng.internal.TestInvoker.invokeMethod(TestInvoker.java:661)
at org.testng.internal.TestInvoker.invokeTestMethod(TestInvoker.java:174)
at org.testng.internal.MethodRunner.runInSequence(MethodRunner.java:46)
at org.testng.internal.TestInvoker$MethodInvocationAgent.invoke(TestInvoker.java:822)
at org.testng.internal.TestInvoker.invokeTestMethods(TestInvoker.java:147)
at org.testng.internal.TestMethodWorker.invokeTestMethods(TestMethodWorker.java:146)
at org.testng.internal.TestMethodWorker.run(TestMethodWorker.java:128)
at java.util.ArrayList.forEach(Unknown Source)
at org.testng.TestRunner.privateRun(TestRunner.java:764)
at org.testng.TestRunner.run(TestRunner.java:585)
at org.testng.SuiteRunner.runTest(SuiteRunner.java:384)
at org.testng.SuiteRunner.runSequentially(SuiteRunner.java:378)
at org.testng.SuiteRunner.privateRun(SuiteRunner.java:337)
at org.testng.SuiteRunner.run(SuiteRunner.java:286)
at org.testng.SuiteRunnerWorker.runSuite(SuiteRunnerWorker.java:53)
at org.testng.SuiteRunnerWorker.run(SuiteRunnerWorker.java:96)
at org.testng.TestNG.runSuitesSequentially(TestNG.java:1218)
at org.testng.TestNG.runSuitesLocally(TestNG.java:1140)
at org.testng.TestNG.runSuites(TestNG.java:1069)
at org.testng.TestNG.run(TestNG.java:1037)
at org.testng.remote.AbstractRemoteTestNG.run(AbstractRemoteTestNG.java:115)
at org.testng.remote.RemoteTestNG.initAndRun(RemoteTestNG.java:251)
at org.testng.remote.RemoteTestNG.main(RemoteTestNG.java:77)
]]>
            </full-stacktrace>
          </exception> <!-- java.lang.NullPointerException -->
          <reporter-output>
          </reporter-output>
        </test-method> <!-- skipTest -->
        <test-method status="SKIP" signature="logoutOfApp()[pri:0, instance:com.crm.comcast.VtigerTest.CreateConatctWithOrganization@5faeada1]" name="logoutOfApp" is-config="true" duration-ms="-1623672118633" started-at="2021-06-14T17:31:58 IST" finished-at="1970-01-01T05:30:00 IST">
          <reporter-output>
          </reporter-output>
        </test-method> <!-- logoutOfApp -->
        <test-method status="SKIP" signature="closeBrowser()[pri:0, instance:com.crm.comcast.VtigerTest.CreateConatctWithOrganization@5faeada1]" name="closeBrowser" is-config="true" duration-ms="-1623672118636" started-at="2021-06-14T17:31:58 IST" finished-at="1970-01-01T05:30:00 IST">
          <reporter-output>
          </reporter-output>
        </test-method> <!-- closeBrowser -->
        <test-method status="PASS" signature="closeDB()[pri:0, instance:com.crm.comcast.VtigerTest.CreateConatctWithOrganization@5faeada1]" name="closeDB" is-config="true" duration-ms="1" started-at="2021-06-14T17:33:38 IST" finished-at="2021-06-14T17:33:38 IST">
          <reporter-output>
          </reporter-output>
        </test-method> <!-- closeDB -->
      </class> <!-- com.crm.comcast.VtigerTest.CreateConatctWithOrganization -->
      <class name="com.crm.comcast.VtigerTest.CreateOrganizationTest">
        <test-method status="PASS" signature="launchBrowser()[pri:0, instance:com.crm.comcast.VtigerTest.CreateOrganizationTest@528931cf]" name="launchBrowser" is-config="true" duration-ms="2434" started-at="2021-06-14T17:31:58 IST" finished-at="2021-06-14T17:32:01 IST">
          <reporter-output>
          </reporter-output>
        </test-method> <!-- launchBrowser -->
        <test-method status="PASS" signature="loginTtoApp()[pri:0, instance:com.crm.comcast.VtigerTest.CreateOrganizationTest@528931cf]" name="loginTtoApp" is-config="true" duration-ms="7722" started-at="2021-06-14T17:32:01 IST" finished-at="2021-06-14T17:32:08 IST">
          <reporter-output>
          </reporter-output>
        </test-method> <!-- loginTtoApp -->
        <test-method status="PASS" signature="createOrgTest()[pri:0, instance:com.crm.comcast.VtigerTest.CreateOrganizationTest@528931cf]" name="createOrgTest" duration-ms="18218" started-at="2021-06-14T17:32:08 IST" finished-at="2021-06-14T17:32:27 IST">
          <reporter-output>
            <line>
              <![CDATA[Navigate to Organisation]]>
            </line>
            <line>
              <![CDATA[Navigate to create Organisation]]>
            </line>
            <line>
              <![CDATA[Enter mandatory filed & create Organisation]]>
            </line>
            <line>
              <![CDATA[Assertion Succesful]]>
            </line>
          </reporter-output>
        </test-method> <!-- createOrgTest -->
        <test-method status="PASS" signature="logoutOfApp()[pri:0, instance:com.crm.comcast.VtigerTest.CreateOrganizationTest@528931cf]" name="logoutOfApp" is-config="true" duration-ms="2273" started-at="2021-06-14T17:32:27 IST" finished-at="2021-06-14T17:32:29 IST">
          <reporter-output>
          </reporter-output>
        </test-method> <!-- logoutOfApp -->
        <test-method status="PASS" signature="loginTtoApp()[pri:0, instance:com.crm.comcast.VtigerTest.CreateOrganizationTest@528931cf]" name="loginTtoApp" is-config="true" duration-ms="5257" started-at="2021-06-14T17:32:29 IST" finished-at="2021-06-14T17:32:34 IST">
          <reporter-output>
          </reporter-output>
        </test-method> <!-- loginTtoApp -->
        <test-method status="PASS" signature="createOrgWithType()[pri:0, instance:com.crm.comcast.VtigerTest.CreateOrganizationTest@528931cf]" name="createOrgWithType" duration-ms="1" started-at="2021-06-14T17:32:34 IST" finished-at="2021-06-14T17:32:34 IST">
          <reporter-output>
          </reporter-output>
        </test-method> <!-- createOrgWithType -->
        <test-method status="PASS" signature="logoutOfApp()[pri:0, instance:com.crm.comcast.VtigerTest.CreateOrganizationTest@528931cf]" name="logoutOfApp" is-config="true" duration-ms="6186" started-at="2021-06-14T17:32:34 IST" finished-at="2021-06-14T17:32:40 IST">
          <reporter-output>
          </reporter-output>
        </test-method> <!-- logoutOfApp -->
        <test-method status="PASS" signature="closeBrowser()[pri:0, instance:com.crm.comcast.VtigerTest.CreateOrganizationTest@528931cf]" name="closeBrowser" is-config="true" duration-ms="367" started-at="2021-06-14T17:32:40 IST" finished-at="2021-06-14T17:32:41 IST">
          <reporter-output>
          </reporter-output>
        </test-method> <!-- closeBrowser -->
      </class> <!-- com.crm.comcast.VtigerTest.CreateOrganizationTest -->
      <class name="com.crm.comcast.VtigerTest.CreateOrganizationWithIndustry">
        <test-method status="PASS" signature="launchBrowser()[pri:0, instance:com.crm.comcast.VtigerTest.CreateOrganizationWithIndustry@ea1a8d5]" name="launchBrowser" is-config="true" duration-ms="2032" started-at="2021-06-14T17:32:41 IST" finished-at="2021-06-14T17:32:43 IST">
          <reporter-output>
          </reporter-output>
        </test-method> <!-- launchBrowser -->
        <test-method status="PASS" signature="loginTtoApp()[pri:0, instance:com.crm.comcast.VtigerTest.CreateOrganizationWithIndustry@ea1a8d5]" name="loginTtoApp" is-config="true" duration-ms="7667" started-at="2021-06-14T17:32:43 IST" finished-at="2021-06-14T17:32:50 IST">
          <reporter-output>
          </reporter-output>
        </test-method> <!-- loginTtoApp -->
        <test-method status="PASS" signature="createOrgWithIndustry()[pri:0, instance:com.crm.comcast.VtigerTest.CreateOrganizationWithIndustry@ea1a8d5]" name="createOrgWithIndustry" duration-ms="19145" started-at="2021-06-14T17:32:50 IST" finished-at="2021-06-14T17:33:09 IST">
          <reporter-output>
          </reporter-output>
        </test-method> <!-- createOrgWithIndustry -->
        <test-method status="PASS" signature="logoutOfApp()[pri:0, instance:com.crm.comcast.VtigerTest.CreateOrganizationWithIndustry@ea1a8d5]" name="logoutOfApp" is-config="true" duration-ms="2207" started-at="2021-06-14T17:33:09 IST" finished-at="2021-06-14T17:33:12 IST">
          <reporter-output>
          </reporter-output>
        </test-method> <!-- logoutOfApp -->
        <test-method status="PASS" signature="closeBrowser()[pri:0, instance:com.crm.comcast.VtigerTest.CreateOrganizationWithIndustry@ea1a8d5]" name="closeBrowser" is-config="true" duration-ms="405" started-at="2021-06-14T17:33:12 IST" finished-at="2021-06-14T17:33:12 IST">
          <reporter-output>
          </reporter-output>
        </test-method> <!-- closeBrowser -->
      </class> <!-- com.crm.comcast.VtigerTest.CreateOrganizationWithIndustry -->
    </test> <!-- Test -->
  </suite> <!-- Suite -->
</testng-results>
